Vivado Simulator 2018.1
Copyright 1986-1999, 2001-2017 Xilinx, Inc. All Rights Reserved.
Running: C:/Xilinx/Vivado/2018.1/bin/unwrapped/win64.o/xelab.exe -wto 64e41ff27c7e4c909ba9226594f0166d --incr --debug typical --relax --mt 2 -L xil_defaultlib -L secureip --snapshot Nanoprocessor_Sim_behav xil_defaultlib.Nanoprocessor_Sim -log elaborate.log 
Using 2 slave threads.
Starting static elaboration
Completed static elaboration
Starting simulation data flow analysis
Completed simulation data flow analysis
Time Resolution for simulation is 1ps
Compiling package std.standard
Compiling package std.textio
Compiling package ieee.std_logic_1164
Compiling package ieee.numeric_std
Compiling architecture behavioral of entity xil_defaultlib.Slow_Clk [slow_clk_default]
Compiling architecture behavioral of entity xil_defaultlib.LUT_16_7 [lut_16_7_default]
Compiling architecture behavioral of entity xil_defaultlib.D_FF [d_ff_default]
Compiling architecture behavioral of entity xil_defaultlib.HA [ha_default]
Compiling architecture behavioral of entity xil_defaultlib.FA [fa_default]
Compiling architecture behavioral of entity xil_defaultlib.RCA_3 [rca_3_default]
Compiling architecture behavioral of entity xil_defaultlib.Mux_2_to_1 [mux_2_to_1_default]
Compiling architecture behavioral of entity xil_defaultlib.Mux_2way_3bit [mux_2way_3bit_default]
Compiling architecture behavioral of entity xil_defaultlib.PC_3bit [pc_3bit_default]
Compiling architecture behavioral of entity xil_defaultlib.Program_ROM [program_rom_default]
Compiling architecture behavioral of entity xil_defaultlib.Instruction_Dec [instruction_dec_default]
Compiling architecture behavioral of entity xil_defaultlib.Mux_2way_4bit [mux_2way_4bit_default]
Compiling architecture behavioral of entity xil_defaultlib.RCA_4 [rca_4_default]
Compiling architecture behavioral of entity xil_defaultlib.Add_Sub_4bit [add_sub_4bit_default]
Compiling architecture behavioral of entity xil_defaultlib.Mux_8way_4bit [mux_8way_4bit_default]
Compiling architecture behavioral of entity xil_defaultlib.Decoder_2_to_4 [decoder_2_to_4_default]
Compiling architecture behavioral of entity xil_defaultlib.Decoder_3_to_8 [decoder_3_to_8_default]
Compiling architecture behavioral of entity xil_defaultlib.Reg [reg_default]
Compiling architecture behavioral of entity xil_defaultlib.Register_Bank [register_bank_default]
Compiling architecture behavioral of entity xil_defaultlib.Nanoprocessor [nanoprocessor_default]
Compiling architecture behavioral of entity xil_defaultlib.nanoprocessor_sim
Built simulation snapshot Nanoprocessor_Sim_behav
